<?xml version="1.0" encoding="UTF-8"?>
<testng-results ignored="0" total="1" passed="1" failed="0" skipped="0">
  <reporter-output>
  </reporter-output>
  <suite started-at="2023-11-29T15:37:42 EET" name="Default suite" finished-at="2023-11-29T15:37:50 EET" duration-ms="7746">
    <groups>
    </groups>
    <test started-at="2023-11-29T15:37:42 EET" name="Default test" finished-at="2023-11-29T15:37:50 EET" duration-ms="7746">
      <class name="iteams.iteamsPrices">
        <test-method is-config="true" signature="SetUp()[pri:0, instance:iteams.iteamsPrices@988246e]" started-at="2023-11-29T15:37:42 EET" name="SetUp" finished-at="2023-11-29T15:37:49 EET" duration-ms="7257" status="PASS">
          <reporter-output>
          </reporter-output>
        </test-method> <!-- SetUp -->
        <test-method signature="PriceReview()[pri:0, instance:iteams.iteamsPrices@988246e]" started-at="2023-11-29T15:37:50 EET" name="PriceReview" finished-at="2023-11-29T15:37:50 EET" duration-ms="152" status="PASS">
          <reporter-output>
          </reporter-output>
        </test-method> <!-- PriceReview -->
        <test-method is-config="true" signature="PostTest()[pri:0, instance:iteams.iteamsPrices@988246e]" started-at="2023-11-29T15:37:50 EET" name="PostTest" finished-at="2023-11-29T15:37:50 EET" duration-ms="278" status="PASS">
          <reporter-output>
          </reporter-output>
        </test-method> <!-- PostTest -->
      </class> <!-- iteams.iteamsPrices -->
    </test> <!-- Default test -->
  </suite> <!-- Default suite -->
</testng-results>
